<?xml version="1.0" encoding="UTF-8"?>
<!-- Generated by org.testng.reporters.JUnitXMLReporter -->
<testsuite hostname="jq-PC" name="Test1" tests="1" failures="1" timestamp="2 Aug 2019 02:05:14 GMT" time="15.663" errors="0">
  <testcase name="loginTest1" time="15.636" classname="com.hst.testcase.LoginTest">
    <failure type="java.lang.AssertionError" message="expected [true] but found [false]">
      <![CDATA[java.lang.AssertionError: expected [true] but found [false]
	at com.hst.testcase.LoginTest.loginTest1(LoginTest.java:34)
... Removed 29 stack frames]]>
    </failure>
  </testcase> <!-- loginTest1 -->
</testsuite> <!-- Test1 -->
